Temp/gradleOut/launcher/build/intermediates/manifest_merge_blame_file/release/manifest-merger-blame-release-report.txt
1<?xml version="1.0" encoding="utf-8"?>
2<!-- GENERATED BY UNITY. REMOVE THIS COMMENT TO PREVENT OVERWRITING WHEN EXPORTING AGAIN -->
3<manifest xmlns:android="http://schemas.android.com/apk/res/android"
4    package="com.Li.Multiplayer"
5    android:installLocation="auto"
6    android:versionCode="1"
7    android:versionName="0.1" >
8
9    <uses-sdk
10        android:minSdkVersion="23"
10-->src\main\AndroidManifest.xml
11        android:targetSdkVersion="30" />
11-->src\main\AndroidManifest.xml
12
13    <supports-screens
13-->src\main\AndroidManifest.xml:4:3-163
14        android:anyDensity="true"
14-->src\main\AndroidManifest.xml:4:135-160
15        android:largeScreens="true"
15-->src\main\AndroidManifest.xml:4:78-105
16        android:normalScreens="true"
16-->src\main\AndroidManifest.xml:4:49-77
17        android:smallScreens="true"
17-->src\main\AndroidManifest.xml:4:21-48
18        android:xlargeScreens="true" />
18-->src\main\AndroidManifest.xml:4:106-134
19
20    <uses-feature android:glEsVersion="0x00030000" />
20-->[:unityLibrary] AndroidManifest.xml:14:5-54
20-->[:unityLibrary] AndroidManifest.xml:14:19-51
21
22    <supports-gl-texture android:name="GL_KHR_texture_compression_astc_ldr" />
22-->[:unityLibrary] AndroidManifest.xml:16:5-79
22-->[:unityLibrary] AndroidManifest.xml:16:26-76
23
24    <uses-permission android:name="android.permission.INTERNET" />
24-->[:unityLibrary] AndroidManifest.xml:18:5-67
24-->[:unityLibrary] AndroidManifest.xml:18:22-64
25
26    <uses-feature
26-->[:unityLibrary] AndroidManifest.xml:20:5-22:36
27        android:name="android.hardware.touchscreen"
27-->[:unityLibrary] AndroidManifest.xml:21:9-52
28        android:required="false" />
28-->[:unityLibrary] AndroidManifest.xml:22:9-33
29    <uses-feature
29-->[:unityLibrary] AndroidManifest.xml:23:5-25:36
30        android:name="android.hardware.touchscreen.multitouch"
30-->[:unityLibrary] AndroidManifest.xml:24:9-63
31        android:required="false" />
31-->[:unityLibrary] AndroidManifest.xml:25:9-33
32    <uses-feature
32-->[:unityLibrary] AndroidManifest.xml:26:5-28:36
33        android:name="android.hardware.touchscreen.multitouch.distinct"
33-->[:unityLibrary] AndroidManifest.xml:27:9-72
34        android:required="false" />
34-->[:unityLibrary] AndroidManifest.xml:28:9-33
35    <uses-feature
35-->[:unityLibrary] AndroidManifest.xml:29:5-32:31
36        android:name="android.hardware.vr.headtracking"
36-->[:unityLibrary] AndroidManifest.xml:30:9-56
37        android:required="true"
37-->[:unityLibrary] AndroidManifest.xml:31:9-32
38        android:version="1" />
38-->[:unityLibrary] AndroidManifest.xml:32:9-28
39
40    <application
40-->src\main\AndroidManifest.xml:5:3-116
41        android:extractNativeLibs="true"
41-->src\main\AndroidManifest.xml:5:16-48
42        android:icon="@mipmap/app_icon"
42-->src\main\AndroidManifest.xml:5:82-113
43        android:label="@string/app_name" >
43-->src\main\AndroidManifest.xml:5:49-81
44        <activity
44-->[:unityLibrary] AndroidManifest.xml:35:9-58:20
45            android:name="com.unity3d.player.UnityPlayerActivity"
45-->[:unityLibrary] AndroidManifest.xml:36:13-66
46            android:configChanges="keyboard|keyboardHidden|navigation|orientation|screenLayout|screenSize|uiMode"
46-->[:unityLibrary] AndroidManifest.xml:37:13-114
47            android:hardwareAccelerated="false"
47-->[:unityLibrary] AndroidManifest.xml:38:13-48
48            android:launchMode="singleTask"
48-->[:unityLibrary] AndroidManifest.xml:39:13-44
49            android:screenOrientation="landscape"
49-->[:unityLibrary] AndroidManifest.xml:40:13-50
50            android:theme="@android:style/Theme.Black.NoTitleBar.Fullscreen" >
50-->[:unityLibrary] AndroidManifest.xml:41:13-77
51            <intent-filter>
51-->[:unityLibrary] AndroidManifest.xml:42:13-47:29
52                <action android:name="android.intent.action.MAIN" />
52-->[:unityLibrary] AndroidManifest.xml:43:17-69
52-->[:unityLibrary] AndroidManifest.xml:43:25-66
53
54                <category android:name="android.intent.category.LAUNCHER" />
54-->[:unityLibrary] AndroidManifest.xml:45:17-77
54-->[:unityLibrary] AndroidManifest.xml:45:27-74
55                <category android:name="com.oculus.intent.category.VR" />
55-->[:unityLibrary] AndroidManifest.xml:46:17-74
55-->[:unityLibrary] AndroidManifest.xml:46:27-71
56            </intent-filter>
57
58            <meta-data
58-->[:unityLibrary] AndroidManifest.xml:49:13-51:40
59                android:name="unityplayer.UnityActivity"
59-->[:unityLibrary] AndroidManifest.xml:50:17-57
60                android:value="true" />
60-->[:unityLibrary] AndroidManifest.xml:51:17-37
61            <meta-data
61-->[:unityLibrary] AndroidManifest.xml:52:13-54:40
62                android:name="android.notch_support"
62-->[:unityLibrary] AndroidManifest.xml:53:17-53
63                android:value="true" />
63-->[:unityLibrary] AndroidManifest.xml:54:17-37
64            <meta-data
64-->[:unityLibrary] AndroidManifest.xml:55:13-57:40
65                android:name="com.oculus.vr.focusaware"
65-->[:unityLibrary] AndroidManifest.xml:56:17-56
66                android:value="true" />
66-->[:unityLibrary] AndroidManifest.xml:57:17-37
67        </activity>
68
69        <meta-data
69-->[:unityLibrary] AndroidManifest.xml:60:9-62:33
70            android:name="unity.splash-mode"
70-->[:unityLibrary] AndroidManifest.xml:61:13-45
71            android:value="0" />
71-->[:unityLibrary] AndroidManifest.xml:62:13-30
72        <meta-data
72-->[:unityLibrary] AndroidManifest.xml:63:9-65:36
73            android:name="unity.splash-enable"
73-->[:unityLibrary] AndroidManifest.xml:64:13-47
74            android:value="True" />
74-->[:unityLibrary] AndroidManifest.xml:65:13-33
75        <meta-data
75-->[:unityLibrary] AndroidManifest.xml:66:9-68:50
76            android:name="notch.config"
76-->[:unityLibrary] AndroidManifest.xml:67:13-40
77            android:value="portrait|landscape" />
77-->[:unityLibrary] AndroidManifest.xml:68:13-47
78        <meta-data
78-->[:unityLibrary] AndroidManifest.xml:69:9-71:68
79            android:name="unity.build-id"
79-->[:unityLibrary] AndroidManifest.xml:70:13-42
80            android:value="0db89ee0-bcfe-4ce8-bd20-93943b2068d5" />
80-->[:unityLibrary] AndroidManifest.xml:71:13-65
81        <meta-data
81-->[:unityLibrary] AndroidManifest.xml:72:9-74:39
82            android:name="com.samsung.android.vr.application.mode"
82-->[:unityLibrary] AndroidManifest.xml:73:13-67
83            android:value="vr_only" />
83-->[:unityLibrary] AndroidManifest.xml:74:13-36
84        <meta-data
84-->[:unityLibrary] AndroidManifest.xml:75:9-77:37
85            android:name="com.unity.xr.oculus.LowOverheadMode"
85-->[:unityLibrary] AndroidManifest.xml:76:13-63
86            android:value="false" />
86-->[:unityLibrary] AndroidManifest.xml:77:13-34
87        <meta-data
87-->[:unityLibrary] AndroidManifest.xml:78:9-80:44
88            android:name="com.oculus.supportedDevices"
88-->[:unityLibrary] AndroidManifest.xml:79:13-55
89            android:value="quest|quest2" />
89-->[:unityLibrary] AndroidManifest.xml:80:13-41
90    </application>
91
92</manifest>